# JRE version: OpenJDK Runtime Environment (17.0.9) (build 17.0.9+0--11185874)
# Java VM: OpenJDK 64-Bit Server VM (17.0.9+0--11185874, mixed mode, tiered, compressed oops, compressed class ptrs, g1 gc, windows-amd64)
GC Precious Log:
 CPUs: 8 total, 8 available
 Memory: 3522M
 Large Page Support: Disabled
 NUMA Support: Disabled
 Compressed Oops: Enabled (32-bit)
 Heap Region Size: 1M
 Heap Min Capacity: 8M
 Heap Initial Capacity: 56M
 Heap Max Capacity: 2G
 Pre-touch: Disabled
 Parallel Workers: 8
 Concurrent Workers: 2
 Concurrent Refinement Workers: 8
 Periodic GC: Disabled
Heap:
 garbage-first heap   total 280576K, used 188164K [0x0000000080000000, 0x0000000100000000)
  region size 1024K, 9 young (9216K), 9 survivors (9216K)
 Metaspace       used 119077K, committed 120256K, reserved 557056K
  class space    used 16538K, committed 17024K, reserved 425984K
GC Heap History (20 events):
Event: 59.760 GC heap after
{Heap after GC invocations=79 (full 0):
 garbage-first heap   total 233472K, used 101573K [0x0000000080000000, 0x0000000100000000)
  region size 1024K, 13 young (13312K), 13 survivors (13312K)
 Metaspace       used 84080K, committed 84928K, reserved 557056K
  class space    used 11589K, committed 11968K, reserved 425984K
}
Event: 62.534 GC heap before
{Heap before GC invocations=79 (full 0):
 garbage-first heap   total 233472K, used 189637K [0x0000000080000000, 0x0000000100000000)
  region size 1024K, 96 young (98304K), 13 survivors (13312K)
 Metaspace       used 89216K, committed 90048K, reserved 557056K
  class space    used 12366K, committed 12736K, reserved 425984K
}
Event: 62.560 GC heap after
{Heap after GC invocations=80 (full 0):
 garbage-first heap   total 233472K, used 116029K [0x0000000080000000, 0x0000000100000000)
  region size 1024K, 14 young (14336K), 14 survivors (14336K)
 Metaspace       used 89216K, committed 90048K, reserved 557056K
  class space    used 12366K, committed 12736K, reserved 425984K
}
Event: 64.265 GC heap before
{Heap before GC invocations=81 (full 0):
 garbage-first heap   total 233472K, used 196925K [0x0000000080000000, 0x0000000100000000)
  region size 1024K, 88 young (90112K), 14 survivors (14336K)
 Metaspace       used 95004K, committed 95872K, reserved 557056K
  class space    used 13054K, committed 13440K, reserved 425984K
}
Event: 64.303 GC heap after
{Heap after GC invocations=82 (full 0):
 garbage-first heap   total 233472K, used 123074K [0x0000000080000000, 0x0000000100000000)
  region size 1024K, 7 young (7168K), 7 survivors (7168K)
 Metaspace       used 95004K, committed 95872K, reserved 557056K
  class space    used 13054K, committed 13440K, reserved 425984K
}
Event: 64.379 GC heap before
{Heap before GC invocations=82 (full 0):
 garbage-first heap   total 233472K, used 127170K [0x0000000080000000, 0x0000000100000000)
  region size 1024K, 11 young (11264K), 7 survivors (7168K)
 Metaspace       used 95288K, committed 96064K, reserved 557056K
  class space    used 13091K, committed 13440K, reserved 425984K
}
Event: 64.387 GC heap after
{Heap after GC invocations=83 (full 0):
 garbage-first heap   total 280576K, used 121758K [0x0000000080000000, 0x0000000100000000)
  region size 1024K, 2 young (2048K), 2 survivors (2048K)
 Metaspace       used 95288K, committed 96064K, reserved 557056K
  class space    used 13091K, committed 13440K, reserved 425984K
}
Event: 73.357 GC heap before
{Heap before GC invocations=83 (full 0):
 garbage-first heap   total 280576K, used 228254K [0x0000000080000000, 0x0000000100000000)
  region size 1024K, 106 young (108544K), 2 survivors (2048K)
 Metaspace       used 100006K, committed 100864K, reserved 557056K
  class space    used 13759K, committed 14144K, reserved 425984K
}
Event: 73.366 GC heap after
{Heap after GC invocations=84 (full 0):
 garbage-first heap   total 280576K, used 127340K [0x0000000080000000, 0x0000000100000000)
  region size 1024K, 7 young (7168K), 7 survivors (7168K)
 Metaspace       used 100006K, committed 100864K, reserved 557056K
  class space    used 13759K, committed 14144K, reserved 425984K
}
Event: 75.442 GC heap before
{Heap before GC invocations=85 (full 0):
 garbage-first heap   total 280576K, used 230764K [0x0000000080000000, 0x0000000100000000)
  region size 1024K, 107 young (109568K), 7 survivors (7168K)
 Metaspace       used 106894K, committed 107776K, reserved 557056K
  class space    used 14910K, committed 15296K, reserved 425984K
}
Event: 75.454 GC heap after
{Heap after GC invocations=86 (full 0):
 garbage-first heap   total 280576K, used 131224K [0x0000000080000000, 0x0000000100000000)
  region size 1024K, 11 young (11264K), 11 survivors (11264K)
 Metaspace       used 106894K, committed 107776K, reserved 557056K
  class space    used 14910K, committed 15296K, reserved 425984K
}
Event: 75.499 GC heap before
{Heap before GC invocations=86 (full 0):
 garbage-first heap   total 280576K, used 133272K [0x0000000080000000, 0x0000000100000000)
  region size 1024K, 13 young (13312K), 11 survivors (11264K)
 Metaspace       used 107050K, committed 107968K, reserved 557056K
  class space    used 14933K, committed 15360K, reserved 425984K
}
Event: 75.522 GC heap after
{Heap after GC invocations=87 (full 0):
 garbage-first heap   total 280576K, used 129752K [0x0000000080000000, 0x0000000100000000)
  region size 1024K, 2 young (2048K), 2 survivors (2048K)
 Metaspace       used 107050K, committed 107968K, reserved 557056K
  class space    used 14933K, committed 15360K, reserved 425984K
}
Event: 78.318 GC heap before
{Heap before GC invocations=87 (full 0):
 garbage-first heap   total 280576K, used 230104K [0x0000000080000000, 0x0000000100000000)
  region size 1024K, 101 young (103424K), 2 survivors (2048K)
 Metaspace       used 110741K, committed 111680K, reserved 557056K
  class space    used 15481K, committed 15872K, reserved 425984K
}
Event: 78.333 GC heap after
{Heap after GC invocations=88 (full 0):
 garbage-first heap   total 280576K, used 138649K [0x0000000080000000, 0x0000000100000000)
  region size 1024K, 11 young (11264K), 11 survivors (11264K)
 Metaspace       used 110741K, committed 111680K, reserved 557056K
  class space    used 15481K, committed 15872K, reserved 425984K
}
Event: 81.589 GC heap before
{Heap before GC invocations=89 (full 0):
 garbage-first heap   total 280576K, used 233881K [0x0000000080000000, 0x0000000100000000)
  region size 1024K, 99 young (101376K), 11 survivors (11264K)
 Metaspace       used 113261K, committed 114304K, reserved 557056K
  class space    used 15781K, committed 16256K, reserved 425984K
}
Event: 81.708 GC heap after
{Heap after GC invocations=90 (full 0):
 garbage-first heap   total 280576K, used 161014K [0x0000000080000000, 0x0000000100000000)
  region size 1024K, 13 young (13312K), 13 survivors (13312K)
 Metaspace       used 113261K, committed 114304K, reserved 557056K
  class space    used 15781K, committed 16256K, reserved 425984K
}
Event: 81.744 GC heap before
{Heap before GC invocations=90 (full 0):
 garbage-first heap   total 280576K, used 162038K [0x0000000080000000, 0x0000000100000000)
  region size 1024K, 14 young (14336K), 13 survivors (13312K)
 Metaspace       used 113263K, committed 114304K, reserved 557056K
  class space    used 15781K, committed 16256K, reserved 425984K
}
Event: 81.835 GC heap after
{Heap after GC invocations=91 (full 0):
 garbage-first heap   total 280576K, used 162755K [0x0000000080000000, 0x0000000100000000)
  region size 1024K, 2 young (2048K), 2 survivors (2048K)
 Metaspace       used 113263K, committed 114304K, reserved 557056K
  class space    used 15781K, committed 16256K, reserved 425984K
}
Event: 89.802 GC heap before
{Heap before GC invocations=91 (full 0):
 garbage-first heap   total 280576K, used 241603K [0x0000000080000000, 0x0000000100000000)
  region size 1024K, 67 young (68608K), 2 survivors (2048K)
 Metaspace       used 119077K, committed 120256K, reserved 557056K
  class space    used 16538K, committed 17024K, reserved 425984K
}

